e:\programming\.cpp\projects\ping-pong\ping pong\x64\release\vc143.pdb
e:\programming\.cpp\projects\ping-pong\ping pong\x64\release\settingswindowlogic.obj
e:\programming\.cpp\projects\ping-pong\ping pong\x64\release\gameoverlogic.obj
e:\programming\.cpp\projects\ping-pong\ping pong\x64\release\ping pong.obj
e:\programming\.cpp\projects\ping-pong\ping pong\x64\release\levelsmap.obj
e:\programming\.cpp\projects\ping-pong\ping pong\x64\release\json.obj
e:\programming\.cpp\projects\ping-pong\ping pong\x64\release\gamelogicenums.obj
e:\programming\.cpp\projects\ping-pong\ping pong\x64\release\functions.obj
e:\programming\.cpp\projects\ping-pong\x64\release\ping pong.exe
e:\programming\.cpp\projects\ping-pong\x64\release\ping pong.pdb
e:\programming\.cpp\projects\ping-pong\x64\release\raylib.dll
e:\programming\.cpp\projects\ping-pong\x64\release\glfw3.dll
e:\programming\.cpp\projects\ping-pong\ping pong\x64\release\ping pong.ipdb
e:\programming\.cpp\projects\ping-pong\ping pong\x64\release\ping pong.iobj
e:\programming\.cpp\projects\ping-pong\ping pong\x64\release\ping pong.tlog\cl.command.1.tlog
e:\programming\.cpp\projects\ping-pong\ping pong\x64\release\ping pong.tlog\cl.items.tlog
e:\programming\.cpp\projects\ping-pong\ping pong\x64\release\ping pong.tlog\cl.read.1.tlog
e:\programming\.cpp\projects\ping-pong\ping pong\x64\release\ping pong.tlog\cl.write.1.tlog
e:\programming\.cpp\projects\ping-pong\ping pong\x64\release\ping pong.tlog\link.command.1.tlog
e:\programming\.cpp\projects\ping-pong\ping pong\x64\release\ping pong.tlog\link.read.1.tlog
e:\programming\.cpp\projects\ping-pong\ping pong\x64\release\ping pong.tlog\link.secondary.1.tlog
e:\programming\.cpp\projects\ping-pong\ping pong\x64\release\ping pong.tlog\link.write.1.tlog
e:\programming\.cpp\projects\ping-pong\ping pong\x64\release\ping pong.tlog\ping pong.write.1u.tlog
