e:\programming\.cpp\projects\ping-pong\ping pong\x64\debug\vc143.pdb
e:\programming\.cpp\projects\ping-pong\ping pong\x64\debug\vc143.idb
e:\programming\.cpp\projects\ping-pong\ping pong\x64\debug\ping pong.obj
e:\programming\.cpp\projects\ping-pong\ping pong\x64\debug\levelsmap.obj
e:\programming\.cpp\projects\ping-pong\ping pong\x64\debug\gameoverlogic.obj
e:\programming\.cpp\projects\ping-pong\ping pong\x64\debug\gamelogicenums.obj
e:\programming\.cpp\projects\ping-pong\ping pong\x64\debug\functions.obj
e:\programming\.cpp\projects\ping-pong\x64\debug\ping pong.exe
e:\programming\.cpp\projects\ping-pong\x64\debug\ping pong.pdb
e:\programming\.cpp\projects\ping-pong\x64\debug\raylib.dll
e:\programming\.cpp\projects\ping-pong\x64\debug\glfw3.dll
e:\programming\.cpp\projects\ping-pong\ping pong\x64\debug\ping pong.ilk
e:\programming\.cpp\projects\ping-pong\ping pong\x64\debug\ping pong.tlog\cl.command.1.tlog
e:\programming\.cpp\projects\ping-pong\ping pong\x64\debug\ping pong.tlog\cl.items.tlog
e:\programming\.cpp\projects\ping-pong\ping pong\x64\debug\ping pong.tlog\cl.read.1.tlog
e:\programming\.cpp\projects\ping-pong\ping pong\x64\debug\ping pong.tlog\cl.write.1.tlog
e:\programming\.cpp\projects\ping-pong\ping pong\x64\debug\ping pong.tlog\link.command.1.tlog
e:\programming\.cpp\projects\ping-pong\ping pong\x64\debug\ping pong.tlog\link.read.1.tlog
e:\programming\.cpp\projects\ping-pong\ping pong\x64\debug\ping pong.tlog\link.secondary.1.tlog
e:\programming\.cpp\projects\ping-pong\ping pong\x64\debug\ping pong.tlog\link.write.1.tlog
e:\programming\.cpp\projects\ping-pong\ping pong\x64\debug\ping pong.tlog\ping pong.write.1u.tlog
